<?xml version="1.0" encoding="UTF-8"?>
<testng-results skipped="0" failed="0" ignored="0" total="1" passed="1">
  <reporter-output>
  </reporter-output>
  <suite name="Default suite" duration-ms="10256" started-at="2020-10-18T23:31:05Z" finished-at="2020-10-18T23:31:15Z">
    <groups>
    </groups>
    <test name="Default test" duration-ms="10256" started-at="2020-10-18T23:31:05Z" finished-at="2020-10-18T23:31:15Z">
      <class name="com.automatedtest.qa.TC001">
        <test-method status="PASS" signature="beforeTest()[pri:0, instance:com.automatedtest.qa.TC001@4c6e276e]" name="beforeTest" is-config="true" duration-ms="4280" started-at="2020-10-18T23:31:05Z" finished-at="2020-10-18T23:31:09Z">
          <reporter-output>
          </reporter-output>
        </test-method> <!-- beforeTest -->
        <test-method status="PASS" signature="TestCase001()[pri:0, instance:com.automatedtest.qa.TC001@4c6e276e]" name="TestCase001" duration-ms="5953" started-at="2020-10-18T23:31:09Z" finished-at="2020-10-18T23:31:15Z">
          <reporter-output>
          </reporter-output>
        </test-method> <!-- TestCase001 -->
        <test-method status="PASS" signature="afterTest()[pri:0, instance:com.automatedtest.qa.TC001@4c6e276e]" name="afterTest" is-config="true" duration-ms="0" started-at="2020-10-18T23:31:15Z" finished-at="2020-10-18T23:31:15Z">
          <reporter-output>
          </reporter-output>
        </test-method> <!-- afterTest -->
      </class> <!-- com.automatedtest.qa.TC001 -->
    </test> <!-- Default test -->
  </suite> <!-- Default suite -->
</testng-results>
